

***********************************************************************
Fatal NI connect error 12560, connecting to:
 (DESCRIPTION=(ADDRESS=(PROTOCOL=BEQ)(PROGRAM=oracle)(ARGV0=oracleORCL)(ARGS='(DESCRIPTION=(LOCAL=YES)(ADDRESS=(PROTOCOL=beq)))'))(CONNECT_DATA=(SID=ORCL)(CID=(PROGRAM=F:\oracle\product\10.2.0\client_1\bin\sqlplus.exe)(HOST=PC-WANGHAILIANG)(USER=zz))))

  VERSION INFORMATION:
	TNS for 32-bit Windows: Version 10.2.0.1.0 - Production
	Oracle Bequeath NT Protocol Adapter for 32-bit Windows: Version 10.2.0.1.0 - Production
	Windows NT TCP/IP NT Protocol Adapter for 32-bit Windows: Version 10.2.0.1.0 - Production
  Time: 07-4月 -2013 16:57:54
  Tracing not turned on.
  Tns error struct:
    ns main err code: 12560
    TNS-12560: TNS: 协议适配器错误
    ns secondary err code: 0
    nt main err code: 530
    TNS-00530: 协议适配器错误
    nt secondary err code: 126
    nt OS err code: 0


***********************************************************************
Fatal NI connect error 12560, connecting to:
 (DESCRIPTION=(ADDRESS=(PROTOCOL=BEQ)(PROGRAM=oracle)(ARGV0=oracleORCL)(ARGS='(DESCRIPTION=(LOCAL=YES)(ADDRESS=(PROTOCOL=beq)))'))(CONNECT_DATA=(SID=ORCL)(CID=(PROGRAM=F:\oracle\product\10.2.0\client_1\bin\sqlplus.exe)(HOST=PC-WANGHAILIANG)(USER=zz))))

  VERSION INFORMATION:
	TNS for 32-bit Windows: Version 10.2.0.1.0 - Production
	Oracle Bequeath NT Protocol Adapter for 32-bit Windows: Version 10.2.0.1.0 - Production
	Windows NT TCP/IP NT Protocol Adapter for 32-bit Windows: Version 10.2.0.1.0 - Production
  Time: 07-4月 -2013 16:57:55
  Tracing not turned on.
  Tns error struct:
    ns main err code: 12560
    TNS-12560: TNS: 协议适配器错误
    ns secondary err code: 0
    nt main err code: 530
    TNS-00530: 协议适配器错误
    nt secondary err code: 126
    nt OS err code: 0


***********************************************************************
Fatal NI connect error 12560, connecting to:
 (DESCRIPTION=(ADDRESS=(PROTOCOL=BEQ)(PROGRAM=oracle)(ARGV0=oracleORCL)(ARGS='(DESCRIPTION=(LOCAL=YES)(ADDRESS=(PROTOCOL=beq)))'))(CONNECT_DATA=(SID=ORCL)(CID=(PROGRAM=F:\oracle\product\10.2.0\client_1\bin\sqlplus.exe)(HOST=PC-WANGHAILIANG)(USER=zz))))

  VERSION INFORMATION:
	TNS for 32-bit Windows: Version 10.2.0.1.0 - Production
	Oracle Bequeath NT Protocol Adapter for 32-bit Windows: Version 10.2.0.1.0 - Production
  Time: 07-4月 -2013 17:25:47
  Tracing not turned on.
  Tns error struct:
    ns main err code: 12560
    TNS-12560: TNS: 协议适配器错误
    ns secondary err code: 0
    nt main err code: 530
    TNS-00530: 协议适配器错误
    nt secondary err code: 126
    nt OS err code: 0
